kotlin version: 2.2.10
error message: java.lang.RuntimeException: Exception while generating code for:
FUN LOCAL_FUNCTION_FOR_LAMBDA name:CloudArrowRight24_delegate$lambda$2 visibility:private modality:FINAL returnType:androidx.compose.ui.graphics.vector.ImageVector
  BLOCK_BODY
    RETURN type=kotlin.Nothing from='private final fun CloudArrowRight24_delegate$lambda$2 (): androidx.compose.ui.graphics.vector.ImageVector declared in com.sheshu.fluenticons.regular.CloudArrowRight24Kt'
      CALL 'public final fun build (): androidx.compose.ui.graphics.vector.ImageVector declared in androidx.compose.ui.graphics.vector.ImageVector.Builder' type=androidx.compose.ui.graphics.vector.ImageVector origin=null
        ARG <this>: CALL 'public final fun apply <T> (<this>: T of kotlin.StandardKt.apply, block: @[ExtensionFunctionType] kotlin.Function1<T of kotlin.StandardKt.apply, kotlin.Unit>): T of kotlin.StandardKt.apply [inline] declared in kotlin.StandardKt' type=androidx.compose.ui.graphics.vector.ImageVector.Builder origin=null
          TYPE_ARG T: androidx.compose.ui.graphics.vector.ImageVector.Builder
          ARG <this>: CONSTRUCTOR_CALL 'public constructor <init> (name: kotlin.String?, defaultWidth: androidx.compose.ui.unit.Dp, defaultHeight: androidx.compose.ui.unit.Dp, viewportWidth: kotlin.Float, viewportHeight: kotlin.Float, tintColor: androidx.compose.ui.graphics.Color, tintBlendMode: androidx.compose.ui.graphics.BlendMode, autoMirror: kotlin.Boolean, $mask0: kotlin.Int, $marker: kotlin.jvm.internal.DefaultConstructorMarker?) declared in androidx.compose.ui.graphics.vector.ImageVector.Builder' type=androidx.compose.ui.graphics.vector.ImageVector.Builder origin=DEFAULT_DISPATCH_CALL
            ARG name: CONST String type=kotlin.String value="Regular.CloudArrowRight24"
            ARG defaultWidth: CALL 'public final fun <get-dp> (<this>: kotlin.Int): androidx.compose.ui.unit.Dp [inline] declared in androidx.compose.ui.unit.DpKt' type=androidx.compose.ui.unit.Dp origin=GET_PROPERTY
              ARG <this>: CONST Int type=kotlin.Int value=24
            ARG defaultHeight: CALL 'public final fun <get-dp> (<this>: kotlin.Int): androidx.compose.ui.unit.Dp [inline] declared in androidx.compose.ui.unit.DpKt' type=androidx.compose.ui.unit.Dp origin=GET_PROPERTY
              ARG <this>: CONST Int type=kotlin.Int value=24
            ARG viewportWidth: CONST Float type=kotlin.Float value=24.0
            ARG viewportHeight: CONST Float type=kotlin.Float value=24.0
            ARG tintColor: COMPOSITE type=androidx.compose.ui.graphics.Color origin=DEFAULT_VALUE
              CALL 'public final fun <unsafe-coerce> <T, R> (v: T of kotlin.jvm.internal.<unsafe-coerce>): R of kotlin.jvm.internal.<unsafe-coerce> declared in kotlin.jvm.internal' type=androidx.compose.ui.graphics.Color origin=null
                TYPE_ARG T: kotlin.Long
                TYPE_ARG R: androidx.compose.ui.graphics.Color
                ARG v: CONST Long type=kotlin.Long value=0
            ARG tintBlendMode: COMPOSITE type=androidx.compose.ui.graphics.BlendMode origin=DEFAULT_VALUE
              CALL 'public final fun <unsafe-coerce> <T, R> (v: T of kotlin.jvm.internal.<unsafe-coerce>): R of kotlin.jvm.internal.<unsafe-coerce> declared in kotlin.jvm.internal' type=androidx.compose.ui.graphics.BlendMode origin=null
                TYPE_ARG T: kotlin.Int
                TYPE_ARG R: androidx.compose.ui.graphics.BlendMode
                ARG v: CONST Int type=kotlin.Int value=0
            ARG autoMirror: COMPOSITE type=kotlin.Boolean origin=DEFAULT_VALUE
              CONST Boolean type=kotlin.Boolean value=false
            ARG $mask0: CONST Int type=kotlin.Int value=224
            ARG $marker: CONST Null type=kotlin.jvm.internal.DefaultConstructorMarker? value=null
          ARG block: BLOCK type=@[ExtensionFunctionType] kotlin.Function1<androidx.compose.ui.graphics.vector.ImageVector.Builder, kotlin.Unit> origin=LAMBDA
            COMPOSITE type=kotlin.Unit origin=null
            FUNCTION_REFERENCE 'private final fun CloudArrowRight24_delegate$lambda$2$lambda$1 ($this$apply: androidx.compose.ui.graphics.vector.ImageVector.Builder): kotlin.Unit declared in com.sheshu.fluenticons.regular.CloudArrowRight24Kt' type=@[ExtensionFunctionType] kotlin.Function1<androidx.compose.ui.graphics.vector.ImageVector.Builder, kotlin.Unit> origin=INLINE_LAMBDA reflectionTarget=null

	at org.jetbrains.kotlin.backend.jvm.codegen.FunctionCodegen.generate(FunctionCodegen.kt:50)
	at org.jetbrains.kotlin.backend.jvm.codegen.FunctionCodegen.generate$default(FunctionCodegen.kt:43)
	at org.jetbrains.kotlin.backend.jvm.codegen.ClassCodegen.generateMethodNode(ClassCodegen.kt:422)
	at org.jetbrains.kotlin.backend.jvm.codegen.ClassCodegen.generateMethod(ClassCodegen.kt:439)
	at org.jetbrains.kotlin.backend.jvm.codegen.ClassCodegen.generate(ClassCodegen.kt:164)
	at org.jetbrains.kotlin.backend.jvm.JvmIrCodegenFactory.generateFile(JvmIrCodegenFactory.kt:419)
	at org.jetbrains.kotlin.backend.jvm.JvmIrCodegenFactory.invokeCodegen(JvmIrCodegenFactory.kt:388)
	at org.jetbrains.kotlin.cli.jvm.compiler.KotlinToJVMBytecodeCompiler.runCodegen$cli(KotlinToJVMBytecodeCompiler.kt:431)
	at org.jetbrains.kotlin.cli.pipeline.jvm.JvmBackendPipelinePhase.executePhase(JvmBackendPipelinePhase.kt:95)
	at org.jetbrains.kotlin.cli.pipeline.jvm.JvmBackendPipelinePhase.executePhase(JvmBackendPipelinePhase.kt:36)
	at org.jetbrains.kotlin.cli.pipeline.jvm.JvmBackendPipelinePhase.executePhase(JvmBackendPipelinePhase.kt:29)
	at org.jetbrains.kotlin.cli.pipeline.PipelinePhase.phaseBody(PipelinePhase.kt:68)
	at org.jetbrains.kotlin.cli.pipeline.PipelinePhase.phaseBody(PipelinePhase.kt:58)
	at org.jetbrains.kotlin.config.phaser.NamedCompilerPhase.invoke(CompilerPhase.kt:102)
	at org.jetbrains.kotlin.backend.common.phaser.CompositePhase.invoke(PhaseBuilders.kt:22)
	at org.jetbrains.kotlin.config.phaser.CompilerPhaseKt.invokeToplevel(CompilerPhase.kt:53)
	at org.jetbrains.kotlin.cli.pipeline.AbstractCliPipeline.runPhasedPipeline(AbstractCliPipeline.kt:109)
	at org.jetbrains.kotlin.cli.pipeline.AbstractCliPipeline.execute(AbstractCliPipeline.kt:68)
	at org.jetbrains.kotlin.cli.jvm.K2JVMCompiler.doExecutePhased(K2JVMCompiler.kt:78)
	at org.jetbrains.kotlin.cli.jvm.K2JVMCompiler.doExecutePhased(K2JVMCompiler.kt:44)
	at org.jetbrains.kotlin.cli.common.CLICompiler.execImpl(CLICompiler.kt:90)
	at org.jetbrains.kotlin.cli.common.CLICompiler.exec(CLICompiler.kt:352)
	at org.jetbrains.kotlin.incremental.IncrementalJvmCompilerRunnerBase.runCompiler(IncrementalJvmCompilerRunnerBase.kt:175)
	at org.jetbrains.kotlin.incremental.IncrementalJvmCompilerRunnerBase.runCompiler(IncrementalJvmCompilerRunnerBase.kt:38)
	at org.jetbrains.kotlin.incremental.IncrementalCompilerRunner.doCompile(IncrementalCompilerRunner.kt:504)
	at org.jetbrains.kotlin.incremental.IncrementalCompilerRunner.compileImpl(IncrementalCompilerRunner.kt:421)
	at org.jetbrains.kotlin.incremental.IncrementalCompilerRunner.compileNonIncrementally(IncrementalCompilerRunner.kt:306)
	at org.jetbrains.kotlin.incremental.IncrementalCompilerRunner.compile(IncrementalCompilerRunner.kt:133)
	at org.jetbrains.kotlin.daemon.CompileServiceImplBase.execIncrementalCompiler(CompileServiceImpl.kt:679)
	at org.jetbrains.kotlin.daemon.CompileServiceImplBase.access$execIncrementalCompiler(CompileServiceImpl.kt:93)
	at org.jetbrains.kotlin.daemon.CompileServiceImpl.compile(CompileServiceImpl.kt:1806)
	at java.base/jdk.internal.reflect.DirectMethodHandleAccessor.invoke(DirectMethodHandleAccessor.java:103)
	at java.base/java.lang.reflect.Method.invoke(Method.java:580)
	at java.rmi/sun.rmi.server.UnicastServerRef.dispatch(UnicastServerRef.java:360)
	at java.rmi/sun.rmi.transport.Transport$1.run(Transport.java:200)
	at java.rmi/sun.rmi.transport.Transport$1.run(Transport.java:197)
	at java.base/java.security.AccessController.doPrivileged(AccessController.java:714)
	at java.rmi/sun.rmi.transport.Transport.serviceCall(Transport.java:196)
	at java.rmi/sun.rmi.transport.tcp.TCPTransport.handleMessages(TCPTransport.java:598)
	at java.rmi/sun.rmi.transport.tcp.TCPTransport$ConnectionHandler.run0(TCPTransport.java:844)
	at java.rmi/sun.rmi.transport.tcp.TCPTransport$ConnectionHandler.lambda$run$0(TCPTransport.java:721)
	at java.base/java.security.AccessController.doPrivileged(AccessController.java:400)
	at java.rmi/sun.rmi.transport.tcp.TCPTransport$ConnectionHandler.run(TCPTransport.java:720)
	at java.base/java.util.concurrent.ThreadPoolExecutor.runWorker(ThreadPoolExecutor.java:1144)
	at java.base/java.util.concurrent.ThreadPoolExecutor$Worker.run(ThreadPoolExecutor.java:642)
	at java.base/java.lang.Thread.run(Thread.java:1583)
Caused by: java.lang.RuntimeException: Exception while generating code for:
FUN INLINE_LAMBDA name:CloudArrowRight24_delegate$lambda$2$lambda$1 visibility:private modality:FINAL returnType:kotlin.Unit
  VALUE_PARAMETER kind:ExtensionReceiver name:$this$apply index:0 type:androidx.compose.ui.graphics.vector.ImageVector.Builder
  BLOCK_BODY
    VAR name:$i$a$-apply-CloudArrowRight24Kt$CloudArrowRight24$2$1 type:kotlin.Int [val]
      CONST Int type=kotlin.Int value=0
    COMPOSITE type=kotlin.Unit origin=null
      CALL 'public final fun path-R_LF-3I$default ($this$path: androidx.compose.ui.graphics.vector.ImageVector.Builder, name: kotlin.String?, fill: androidx.compose.ui.graphics.Brush?, fillAlpha: kotlin.Float, stroke: androidx.compose.ui.graphics.Brush?, strokeAlpha: kotlin.Float, strokeLineWidth: kotlin.Float, strokeLineCap: androidx.compose.ui.graphics.StrokeCap, strokeLineJoin: androidx.compose.ui.graphics.StrokeJoin, strokeLineMiter: kotlin.Float, pathFillType: androidx.compose.ui.graphics.PathFillType, pathBuilder: @[ExtensionFunctionType] kotlin.Function1<androidx.compose.ui.graphics.vector.PathBuilder, kotlin.Unit>, $mask0: kotlin.Int, $handler: kotlin.Any?): androidx.compose.ui.graphics.vector.ImageVector.Builder [inline] declared in androidx.compose.ui.graphics.vector.ImageVectorKt' type=androidx.compose.ui.graphics.vector.ImageVector.Builder origin=DEFAULT_DISPATCH_CALL
        ARG $this$path: GET_VAR '$this$apply: androidx.compose.ui.graphics.vector.ImageVector.Builder declared in com.sheshu.fluenticons.regular.CloudArrowRight24Kt.CloudArrowRight24_delegate$lambda$2$lambda$1' type=androidx.compose.ui.graphics.vector.ImageVector.Builder origin=null
        ARG name: COMPOSITE type=kotlin.String? origin=DEFAULT_VALUE
          CONST Null type=kotlin.String? value=null
        ARG fill: CONSTRUCTOR_CALL 'public constructor <init> (value: androidx.compose.ui.graphics.Color, $constructor_marker: kotlin.jvm.internal.DefaultConstructorMarker?) declared in androidx.compose.ui.graphics.SolidColor' type=androidx.compose.ui.graphics.SolidColor origin=null
          ARG value: CALL 'public final fun getBlack-0d7_KjU (): androidx.compose.ui.graphics.Color declared in androidx.compose.ui.graphics.Color.Companion' type=androidx.compose.ui.graphics.Color origin=GET_PROPERTY
            ARG <this>: GET_FIELD 'FIELD FIELD_FOR_OBJECT_INSTANCE name:Companion type:androidx.compose.ui.graphics.Color.Companion visibility:public [final,static] declared in androidx.compose.ui.graphics.Color' type=androidx.compose.ui.graphics.Color.Companion origin=null
          ARG $constructor_marker: CONST Null type=kotlin.jvm.internal.DefaultConstructorMarker? value=null
        ARG fillAlpha: COMPOSITE type=kotlin.Float origin=DEFAULT_VALUE
          CONST Float type=kotlin.Float value=0.0
        ARG stroke: COMPOSITE type=androidx.compose.ui.graphics.Brush? origin=DEFAULT_VALUE
          CONST Null type=androidx.compose.ui.graphics.Brush? value=null
        ARG strokeAlpha: COMPOSITE type=kotlin.Float origin=DEFAULT_VALUE
          CONST Float type=kotlin.Float value=0.0
        ARG strokeLineWidth: COMPOSITE type=kotlin.Float origin=DEFAULT_VALUE
          CONST Float type=kotlin.Float value=0.0
        ARG strokeLineCap: COMPOSITE type=androidx.compose.ui.graphics.StrokeCap origin=DEFAULT_VALUE
          CALL 'public final fun <unsafe-coerce> <T, R> (v: T of kotlin.jvm.internal.<unsafe-coerce>): R of kotlin.jvm.internal.<unsafe-coerce> declared in kotlin.jvm.internal' type=androidx.compose.ui.graphics.StrokeCap origin=null
            TYPE_ARG T: kotlin.Int
            TYPE_ARG R: androidx.compose.ui.graphics.StrokeCap
            ARG v: CONST Int type=kotlin.Int value=0
        ARG strokeLineJoin: COMPOSITE type=androidx.compose.ui.graphics.StrokeJoin origin=DEFAULT_VALUE
          CALL 'public final fun <unsafe-coerce> <T, R> (v: T of kotlin.jvm.internal.<unsafe-coerce>): R of kotlin.jvm.internal.<unsafe-coerce> declared in kotlin.jvm.internal' type=androidx.compose.ui.graphics.StrokeJoin origin=null
            TYPE_ARG T: kotlin.Int
            TYPE_ARG R: androidx.compose.ui.graphics.StrokeJoin
            ARG v: CONST Int type=kotlin.Int value=0
        ARG strokeLineMiter: COMPOSITE type=kotlin.Float origin=DEFAULT_VALUE
          CONST Float type=kotlin.Float value=0.0
        ARG pathFillType: COMPOSITE type=androidx.compose.ui.graphics.PathFillType origin=DEFAULT_VALUE
          CALL 'public final fun <unsafe-coerce> <T, R> (v: T of kotlin.jvm.internal.<unsafe-coerce>): R of kotlin.jvm.internal.<unsafe-coerce> declared in kotlin.jvm.internal' type=androidx.compose.ui.graphics.PathFillType origin=null
            TYPE_ARG T: kotlin.Int
            TYPE_ARG R: androidx.compose.ui.graphics.PathFillType
            ARG v: CONST Int type=kotlin.Int value=0
        ARG pathBuilder: BLOCK type=@[ExtensionFunctionType] kotlin.Function1<androidx.compose.ui.graphics.vector.PathBuilder, kotlin.Unit> origin=LAMBDA
          COMPOSITE type=kotlin.Unit origin=null
          FUNCTION_REFERENCE 'private final fun CloudArrowRight24_delegate$lambda$2$lambda$1$lambda$0 ($this$path: androidx.compose.ui.graphics.vector.PathBuilder): kotlin.Unit declared in com.sheshu.fluenticons.regular.CloudArrowRight24Kt' type=@[ExtensionFunctionType] kotlin.Function1<androidx.compose.ui.graphics.vector.PathBuilder, kotlin.Unit> origin=INLINE_LAMBDA reflectionTarget=null
        ARG $mask0: CONST Int type=kotlin.Int value=1021
        ARG $handler: CONST Null type=kotlin.Any? value=null
      COMPOSITE type=kotlin.Unit origin=null

	at org.jetbrains.kotlin.backend.jvm.codegen.FunctionCodegen.generate(FunctionCodegen.kt:50)
	at org.jetbrains.kotlin.backend.jvm.codegen.IrSourceCompilerForInline.generateLambdaBody(IrSourceCompilerForInline.kt:72)
	at org.jetbrains.kotlin.codegen.inline.ExpressionLambda.generateLambdaBody(LambdaInfo.kt:72)
	at org.jetbrains.kotlin.backend.jvm.codegen.IrInlineCodegen.genValueAndPut(IrInlineCodegen.kt:122)
	at org.jetbrains.kotlin.backend.jvm.codegen.ExpressionCodegen.visitCall$handleParameter(ExpressionCodegen.kt:564)
	at org.jetbrains.kotlin.backend.jvm.codegen.ExpressionCodegen.visitCall(ExpressionCodegen.kt:577)
	at org.jetbrains.kotlin.backend.jvm.codegen.ExpressionCodegen.visitCall(ExpressionCodegen.kt:135)
	at org.jetbrains.kotlin.ir.expressions.IrCall.accept(IrCall.kt:24)
	at org.jetbrains.kotlin.backend.jvm.codegen.ExpressionCodegen.gen(ExpressionCodegen.kt:214)
	at org.jetbrains.kotlin.backend.jvm.codegen.IrCallGenerator.genValueAndPut(IrCallGenerator.kt:48)
	at org.jetbrains.kotlin.backend.jvm.codegen.ExpressionCodegen.visitCall$handleParameter(ExpressionCodegen.kt:564)
	at org.jetbrains.kotlin.backend.jvm.codegen.ExpressionCodegen.visitCall(ExpressionCodegen.kt:577)
	at org.jetbrains.kotlin.backend.jvm.codegen.ExpressionCodegen.visitCall(ExpressionCodegen.kt:135)
	at org.jetbrains.kotlin.ir.expressions.IrCall.accept(IrCall.kt:24)
	at org.jetbrains.kotlin.backend.jvm.codegen.ExpressionCodegen.visitReturn(ExpressionCodegen.kt:999)
	at org.jetbrains.kotlin.backend.jvm.codegen.ExpressionCodegen.visitReturn(ExpressionCodegen.kt:135)
	at org.jetbrains.kotlin.ir.expressions.IrReturn.accept(IrReturn.kt:24)
	at org.jetbrains.kotlin.backend.jvm.codegen.ExpressionCodegen.visitStatementContainer(ExpressionCodegen.kt:527)
	at org.jetbrains.kotlin.backend.jvm.codegen.ExpressionCodegen.visitBlockBody(ExpressionCodegen.kt:532)
	at org.jetbrains.kotlin.backend.jvm.codegen.ExpressionCodegen.visitBlockBody(ExpressionCodegen.kt:135)
	at org.jetbrains.kotlin.ir.expressions.IrBlockBody.accept(IrBlockBody.kt:20)
	at org.jetbrains.kotlin.backend.jvm.codegen.ExpressionCodegen.generate(ExpressionCodegen.kt:233)
	at org.jetbrains.kotlin.backend.jvm.codegen.FunctionCodegen.doGenerate(FunctionCodegen.kt:126)
	at org.jetbrains.kotlin.backend.jvm.codegen.FunctionCodegen.generate(FunctionCodegen.kt:47)
	... 45 more
Caused by: java.lang.RuntimeException: Exception while generating code for:
FUN INLINE_LAMBDA name:CloudArrowRight24_delegate$lambda$2$lambda$1$lambda$0 visibility:private modality:FINAL returnType:kotlin.Unit
  VALUE_PARAMETER kind:ExtensionReceiver name:$this$path index:0 type:androidx.compose.ui.graphics.vector.PathBuilder
  BLOCK_BODY
    VAR name:$i$a$-path-R_LF-3I$default-CloudArrowRight24Kt$CloudArrowRight24$2$1$1 type:kotlin.Int [val]
      CONST Int type=kotlin.Int value=0
    COMPOSITE type=kotlin.Unit origin=null
      CALL 'public final fun moveTo (x: kotlin.Float, y: kotlin.Float): androidx.compose.ui.graphics.vector.PathBuilder declared in androidx.compose.ui.graphics.vector.PathBuilder' type=androidx.compose.ui.graphics.vector.PathBuilder origin=null
        ARG <this>: GET_VAR '$this$path: androidx.compose.ui.graphics.vector.PathBuilder declared in com.sheshu.fluenticons.regular.CloudArrowRight24Kt.CloudArrowRight24_delegate$lambda$2$lambda$1$lambda$0' type=androidx.compose.ui.graphics.vector.PathBuilder origin=null
        ARG x: CONST Float type=kotlin.Float value=7.505
        ARG y: CONST Float type=kotlin.Float value=8.785
      COMPOSITE type=kotlin.Unit origin=null
    COMPOSITE type=kotlin.Unit origin=null
      CALL 'public final fun curveTo (x1: kotlin.Float, y1: kotlin.Float, x2: kotlin.Float, y2: kotlin.Float, x3: kotlin.Float, y3: kotlin.Float): androidx.compose.ui.graphics.vector.PathBuilder declared in androidx.compose.ui.graphics.vector.PathBuilder' type=androidx.compose.ui.graphics.vector.PathBuilder origin=null
        ARG <this>: GET_VAR '$this$path: androidx.compose.ui.graphics.vector.PathBuilder declared in com.sheshu.fluenticons.regular.CloudArrowRight24Kt.CloudArrowRight24_delegate$lambda$2$lambda$1$lambda$0' type=androidx.compose.ui.graphics.vector.PathBuilder origin=null
        ARG x1: CONST Float type=kotlin.Float value=7.617
        ARG y1: CONST Float type=kotlin.Float value=6.4
        ARG x2: CONST Float type=kotlin.Float value=9.587
        ARG y2: CONST Float type=kotlin.Float value=4.5
        ARG x3: CONST Float type=kotlin.Float value=12.0
        ARG y3: CONST Float type=kotlin.Float value=4.5
      COMPOSITE type=kotlin.Unit origin=null
    COMPOSITE type=kotlin.Unit origin=null
      CALL 'public final fun curveToRelative (dx1: kotlin.Float, dy1: kotlin.Float, dx2: kotlin.Float, dy2: kotlin.Float, dx3: kotlin.Float, dy3: kotlin.Float): androidx.compose.ui.graphics.vector.PathBuilder declared in androidx.compose.ui.graphics.vector.PathBuilder' type=androidx.compose.ui.graphics.vector.PathBuilder origin=null
        ARG <this>: GET_VAR '$this$path: androidx.compose.ui.graphics.vector.PathBuilder declared in com.sheshu.fluenticons.regular.CloudArrowRight24Kt.CloudArrowRight24_delegate$lambda$2$lambda$1$lambda$0' type=androidx.compose.ui.graphics.vector.PathBuilder origin=null
        ARG dx1: CONST Float type=kotlin.Float value=2.413
        ARG dy1: CONST Float type=kotlin.Float value=0.0
        ARG dx2: CONST Float type=kotlin.Float value=4.383
        ARG dy2: CONST Float type=kotlin.Float value=1.9
        ARG dx3: CONST Float type=kotlin.Float value=4.495
        ARG dy3: CONST Float type=kotlin.Float value=4.285
      COMPOSITE type=kotlin.Unit origin=null
    COMPOSITE type=kotlin.Unit origin=null
      CALL 'public final fun curveToRelative (dx1: kotlin.Float, dy1: kotlin.Float, dx2: kotlin.Float, dy2: kotlin.Float, dx3: kotlin.Float, dy3: kotlin.Float): androidx.compose.ui.graphics.vector.PathBuilder declared in androidx.compose.ui.graphics.vector.PathBuilder' type=androidx.compose.ui.graphics.vector.PathBuilder origin=null
        ARG <this>: GET_VAR '$this$path: androidx.compose.ui.graphics.vector.PathBuilder declared in com.sheshu.fluenticons.regular.CloudArrowRight24Kt.CloudArrowRight24_delegate$lambda$2$lambda$1$lambda$0' type=androidx.compose.ui.graphics.vector.PathBuilder origin=null
        ARG dx1: CONST Float type=kotlin.Float value=0.019
        ARG dy1: CONST Float type=kotlin.Float value=0.4
        ARG dx2: CONST Float type=kotlin.Float value=0.349
        ARG dy2: CONST Float type=kotlin.Float value=0.715
        ARG dx3: CONST Float type=kotlin.Float value=0.75
        ARG dy3: CONST Float type=kotlin.Float value=0.715
      COMPOSITE type=kotlin.Unit origin=null
    COMPOSITE type=kotlin.Unit origin=null
      CALL 'public final fun horizontalLineTo (x: kotlin.Float): androidx.compose.ui.graphics.vector.PathBuilder declared in androidx.compose.ui.graphics.vector.PathBuilder' type=androidx.compose.ui.graphics.vector.PathBuilder origin=null
        ARG <this>: GET_VAR '$this$path: androidx.compose.ui.graphics.vector.PathBuilder declared in com.sheshu.fluenticons.regular.CloudArrowRight24Kt.CloudArrowRight24_delegate$lambda$2$lambda$1$lambda$0' type=androidx.compose.ui.graphics.vector.PathBuilder origin=null
        ARG x: CONST Float type=kotlin.Float value=17.5
      COMPOSITE type=kotlin.Unit origin=null
    COMPOSITE type=kotlin.Unit origin=null
      CALL 'public final fun curveToRelative (dx1: kotlin.Float, dy1: kotlin.Float, dx2: kotlin.Float, dy2: kotlin.Float, dx3: kotlin.Float, dy3: kotlin.Float): androidx.compose.ui.graphics.vector.PathBuilder declared in androidx.compose.ui.graphics.vector.PathBuilder' type=androidx.compose.ui.graphics.vector.PathBuilder origin=null
        ARG <this>: GET_VAR '$this$path: androidx.compose.ui.graphics.vector.PathBuilder declared in com.sheshu.fluenticons.regular.CloudArrowRight24Kt.CloudArrowRight24_delegate$lambda$2$lambda$1$lambda$0' type=androidx.compose.ui.graphics.vector.PathBuilder origin=null
        ARG dx1: CONST Float type=kotlin.Float value=1.166
        ARG dy1: CONST Float type=kotlin.Float value=0.0
        ARG dx2: CONST Float type=kotlin.Float value=2.176
        ARG dy2: CONST Float type=kotlin.Float value=0.665
        ARG dx3: CONST Float type=kotlin.Float value=2.673
        ARG dy3: CONST Float type=kotlin.Float value=1.636
      COMPOSITE type=kotlin.Unit origin=null
    COMPOSITE type=kotlin.Unit origin=null
      CALL 'public final fun curveToRelative (dx1: kotlin.Float, dy1: kotlin.Float, dx2: kotlin.Float, dy2: kotlin.Float, dx3: kotlin.Float, dy3: kotlin.Float): androidx.compose.ui.graphics.vector.PathBuilder declared in androidx.compose.ui.graphics.vector.PathBuilder' type=androidx.compose.ui.graphics.vector.PathBuilder origin=null
        ARG <this>: GET_VAR '$this$path: androidx.compose.ui.graphics.vector.PathBuilder declared in com.sheshu.fluenticons.regular.CloudArrowRight24Kt.CloudArrowRight24_delegate$lambda$2$lambda$1$lambda$0' type=androidx.compose.ui.graphics.vector.PathBuilder origin=null
        ARG dx1: CONST Float type=kotlin.Float value=0.717
        ARG dy1: CONST Float type=kotlin.Float value=0.492
        ARG dx2: CONST Float type=kotlin.Float value=1.33
        ARG dy2: CONST Float type=kotlin.Float value=1.124
        ARG dx3: CONST Float type=kotlin.Float value=1.8
        ARG dy3: CONST Float type=kotlin.Float value=1.857
      COMPOSITE type=kotlin.Unit origin=null
    COMPOSITE type=kotlin.Unit origin=null
      CALL 'public final fun curveTo (x1: kotlin.Float, y1: kotlin.Float, x2: kotlin.Float, y2: kotlin.Float, x3: kotlin.Float, y3: kotlin.Float): androidx.compose.ui.graphics.vector.PathBuilder declared in androidx.compose.ui.graphics.vector.PathBuilder' type=androidx.compose.ui.graphics.vector.PathBuilder origin=null
        ARG <this>: GET_VAR '$this$path: androidx.compose.ui.graphics.vector.PathBuilder declared in com.sheshu.fluenticons.regular.CloudArrowRight24Kt.CloudArrowRight24_delegate$lambda$2$lambda$1$lambda$0' type=androidx.compose.ui.graphics.vector.PathBuilder origin=null
        ARG x1: CONST Float type=kotlin.Float value=21.991
        ARG y1: CONST Float type=kotlin.Float value=12.83
        ARG x2: CONST Float type=kotlin.Float value=22.0
        ARG y2: CONST Float type=kotlin.Float value=12.665
        ARG x3: CONST Float type=kotlin.Float value=22.0
        ARG y3: CONST Float type=kotlin.Float value=12.5
      COMPOSITE type=kotlin.Unit origin=null
    COMPOSITE type=kotlin.Unit origin=null
      CALL 'public final fun curveToRelative (dx1: kotlin.Float, dy1: kotlin.Float, dx2: kotlin.Float, dy2: kotlin.Float, dx3: kotlin.Float, dy3: kotlin.Float): androidx.compose.ui.graphics.vector.PathBuilder declared in androidx.compose.ui.graphics.vector.PathBuilder' type=androidx.compose.ui.graphics.vector.PathBuilder origin=null
        ARG <this>: GET_VAR '$this$path: androidx.compose.ui.graphics.vector.PathBuilder declared in com.sheshu.fluenticons.regular.CloudArrowRight24Kt.CloudArrowRight24_delegate$lambda$2$lambda$1$lambda$0' type=androidx.compose.ui.graphics.vector.PathBuilder origin=null
        ARG dx1: CONST Float type=kotlin.Float value=0.0
        ARG dy1: CONST Float type=kotlin.Float value=-2.344
        ARG dx2: CONST Float type=kotlin.Float value=-1.791
        ARG dy2: CONST Float type=kotlin.Float value=-4.269
        ARG dx3: CONST Float type=kotlin.Float value=-4.08
        ARG dy3: CONST Float type=kotlin.Float value=-4.48
      COMPOSITE type=kotlin.Unit origin=null
    COMPOSITE type=kotlin.Unit origin=null
      CALL 'public final fun curveTo (x1: kotlin.Float, y1: kotlin.Float, x2: kotlin.Float, y2: kotlin.Float, x3: kotlin.Float, y3: kotlin.Float): androidx.compose.ui.graphics.vector.PathBuilder declared in androidx.compose.ui.graphics.vector.PathBuilder' type=androidx.compose.ui.graphics.vector.PathBuilder origin=null
        ARG <this>: GET_VAR '$this$path: androidx.compose.ui.graphics.vector.PathBuilder declared in com.sheshu.fluenticons.regular.CloudArrowRight24Kt.CloudArrowRight24_delegate$lambda$2$lambda$1$lambda$0' type=androidx.compose.ui.graphics.vector.PathBuilder origin=null
        ARG x1: CONST Float type=kotlin.Float value=17.452
        ARG y1: CONST Float type=kotlin.Float value=5.171
        ARG x2: CONST Float type=kotlin.Float value=14.98
        ARG y2: CONST Float type=kotlin.Float value=3.0
        ARG x3: CONST Float type=kotlin.Float value=12.0
        ARG y3: CONST Float type=kotlin.Float value=3.0
      COMPOSITE type=kotlin.Unit origin=null
    COMPOSITE type=kotlin.Unit origin=null
      CALL 'public final fun reflectiveCurveTo (x1: kotlin.Float, y1: kotlin.Float, x2: kotlin.Float, y2: kotlin.Float): androidx.compose.ui.graphics.vector.PathBuilder declared in androidx.compose.ui.graphics.vector.PathBuilder' type=androidx.compose.ui.graphics.vector.PathBuilder origin=null
        ARG <this>: GET_VAR '$this$path: androidx.compose.ui.graphics.vector.PathBuilder declared in com.sheshu.fluenticons.regular.CloudArrowRight24Kt.CloudArrowRight24_delegate$lambda$2$lambda$1$lambda$0' type=androidx.compose.ui.graphics.vector.PathBuilder origin=null
        ARG x1: CONST Float type=kotlin.Float value=6.548
        ARG y1: CONST Float type=kotlin.Float value=5.172
        ARG x2: CONST Float type=kotlin.Float value=6.08
        ARG y2: CONST Float type=kotlin.Float value=8.02
      COMPOSITE type=kotlin.Unit origin=null
    COMPOSITE type=kotlin.Unit origin=null
      CALL 'public final fun curveTo (x1: kotlin.Float, y1: kotlin.Float, x2: kotlin.Float, y2: kotlin.Float, x3: kotlin.Float, y3: kotlin.Float): androidx.compose.ui.graphics.vector.PathBuilder declared in androidx.compose.ui.graphics.vector.PathBuilder' type=androidx.compose.ui.graphics.vector.PathBuilder origin=null
        ARG <this>: GET_VAR '$this$path: androidx.compose.ui.graphics.vector.PathBuilder declared in com.sheshu.fluenticons.regular.CloudArrowRight24Kt.CloudArrowRight24_delegate$lambda$2$lambda$1$lambda$0' type=androidx.compose.ui.graphics.vector.PathBuilder origin=null
        ARG x1: CONST Float type=kotlin.Float value=3.792
        ARG y1: CONST Float type=kotlin.Float value=8.23
        ARG x2: CONST Float type=kotlin.Float value=2.0
        ARG y2: CONST Float type=kotlin.Float value=10.155
        ARG x3: CONST Float type=kotlin.Float value=2.0
        ARG y3: CONST Float type=kotlin.Float value=12.5
      COMPOSITE type=kotlin.Unit origin=null
    COMPOSITE type=kotlin.Unit origin=null
      CALL 'public final fun curveTo (x1: kotlin.Float, y1: kotlin.Float, x2: kotlin.Float, y2: kotlin.Float, x3: kotlin.Float, y3: kotlin.Float): androidx.compose.ui.graphics.vector.PathBuilder declared in androidx.compose.ui.graphics.vector.PathBuilder' type=androidx.compose.ui.graphics.vector.PathBuilder origin=null
        ARG <this>: GET_VAR '$this$path: androidx.compose.ui.graphics.vector.PathBuilder declared in com.sheshu.fluenticons.regular.CloudArrowRight24Kt.CloudArrowRight24_delegate$lambda$2$lambda$1$lambda$0' type=androidx.compose.ui.graphics.vector.PathBuilder origin=null
        ARG x1: CONST Float type=kotlin.Float value=2.0
        ARG y1: CONST Float type=kotlin.Float value=14.985
        ARG x2: CONST Float type=kotlin.Float value=4.015
        ARG y2: CONST Float type=kotlin.Float value=17.0
        ARG x3: CONST Float type=kotlin.Float value=6.5
        ARG y3: CONST Float type=kotlin.Float value=17.0
      COMPOSITE type=kotlin.Unit origin=null
    COMPOSITE type=kotlin.Unit origin=null
      CALL 'public final fun horizontalLineToRelative (dx: kotlin.Float): androidx.compose.ui.graphics.vector.PathBuilder declared in androidx.compose.ui.graphics.vector.PathBuilder' type=androidx.compose.ui.graphics.vector.PathBuilder origin=null
        ARG <this>: GET_VAR '$this$path: androidx.compose.ui.graphics.vector.PathBuilder declared in com.sheshu.fluenticons.regular.CloudArrowRight24Kt.CloudArrowRight24_delegate$lambda$2$lambda$1$lambda$0' type=androidx.compose.ui.graphics.vector.PathBuilder origin=null
        ARG dx: CONST Float type=kotlin.Float value=3.519
      COMPOSITE type=kotlin.Unit origin=null
    COMPOSITE type=kotlin.Unit origin=null
      CALL 'public final fun curveTo (x1: kotlin.Float, y1: kotlin.Float, x2: kotlin.Float, y2: kotlin.Float, x3: kotlin.Float, y3: kotlin.Float): androidx.compose.ui.graphics.vector.PathBuilder declared in androidx.compose.ui.graphics.vector.PathBuilder' type=androidx.compose.ui.graphics.vector.PathBuilder origin=null
        ARG <this>: GET_VAR '$this$path: androidx.compose.ui.graphics.vector.PathBuilder declared in com.sheshu.fluenticons.regular.CloudArrowRight24Kt.CloudArrowRight24_delegate$lambda$2$lambda$1$lambda$0' type=androidx.compose.ui.graphics.vector.PathBuilder origin=null
        ARG x1: CONST Float type=kotlin.Float value=10.006
        ARG y1: CONST Float type=kotlin.Float value=16.835
        ARG x2: CONST Float type=kotlin.Float value=10.0
        ARG y2: CONST Float type=kotlin.Float value=16.668
        ARG x3: CONST Float type=kotlin.Float value=10.0
        ARG y3: CONST Float type=kotlin.Float value=16.5
      COMPOSITE type=kotlin.Unit origin=null
    COMPOSITE type=kotlin.Unit origin=null
      CALL 'public final fun curveToRelative (dx1: kotlin.Float, dy1: kotlin.Float, dx2: kotlin.Float, dy2: kotlin.Float, dx3: kotlin.Float, dy3: kotlin.Float): androidx.compose.ui.graphics.vector.PathBuilder declared in androidx.compose.ui.graphics.vector.PathBuilder' type=androidx.compose.ui.graphics.vector.PathBuilder origin=null
        ARG <this>: GET_VAR '$this$path: androidx.compose.ui.graphics.vector.PathBuilder declared in com.sheshu.fluenticons.regular.CloudArrowRight24Kt.CloudArrowRight24_delegate$lambda$2$lambda$1$lambda$0' type=androidx.compose.ui.graphics.vector.PathBuilder origin=null
        ARG dx1: CONST Float type=kotlin.Float value=0.0
        ARG dy1: CONST Float type=kotlin.Float value=-0.34
        ARG dx2: CONST Float type=kotlin.Float value=0.026
        ARG dy2: CONST Float type=kotlin.Float value=-0.674
        ARG dx3: CONST Float type=kotlin.Float value=0.076
        ARG dy3: CONST Float type=kotlin.Float value=-1.0
      COMPOSITE type=kotlin.Unit origin=null
    COMPOSITE type=kotlin.Unit origin=null
      CALL 'public final fun horizontalLineTo (x: kotlin.Float): androidx.compose.ui.graphics.vector.PathBuilder declared in androidx.compose.ui.graphics.vector.PathBuilder' type=androidx.compose.ui.graphics.vector.PathBuilder origin=null
        ARG <this>: GET_VAR '$this$path: androidx.compose.ui.graphics.vector.PathBuilder declared in com.sheshu.fluenticons.regular.CloudArrowRight24Kt.CloudArrowRight24_delegate$lambda$2$lambda$1$lambda$0' type=androidx.compose.ui.graphics.vector.PathBuilder origin=null
        ARG x: CONST Float type=kotlin.Float value=6.5
      COMPOSITE type=kotlin.Unit origin=null
    COMPOSITE type=kotlin.Unit origin=null
      CALL 'public final fun curveToRelative (dx1: kotlin.Float, dy1: kotlin.Float, dx2: kotlin.Float, dy2: kotlin.Float, dx3: kotlin.Float, dy3: kotlin.Float): androidx.compose.ui.graphics.vector.PathBuilder declared in androidx.compose.ui.graphics.vector.PathBuilder' type=androidx.compose.ui.graphics.vector.PathBuilder origin=null
        ARG <this>: GET_VAR '$this$path: androidx.compose.ui.graphics.vector.PathBuilder declared in com.sheshu.fluenticons.regular.CloudArrowRight24Kt.CloudArrowRight24_delegate$lambda$2$lambda$1$lambda$0' type=androidx.compose.ui.graphics.vector.PathBuilder origin=null
        ARG dx1: CONST Float type=kotlin.Float value=-1.657
        ARG dy1: CONST Float type=kotlin.Float value=0.0
        ARG dx2: CONST Float type=kotlin.Float value=-3.0
        ARG dy2: CONST Float type=kotlin.Float value=-1.343
        ARG dx3: CONST Float type=kotlin.Float value=-3.0
        ARG dy3: CONST Float type=kotlin.Float value=-3.0
      COMPOSITE type=kotlin.Unit origin=null
    COMPOSITE type=kotlin.Unit origin=null
      CALL 'public final fun reflectiveCurveToRelative (dx1: kotlin.Float, dy1: kotlin.Float, dx2: kotlin.Float, dy2: kotlin.Float): androidx.compose.ui.graphics.vector.PathBuilder declared in androidx.compose.ui.graphics.vector.PathBuilder' type=androidx.compose.ui.graphics.vector.PathBuilder origin=null
        ARG <this>: GET_VAR '$this$path: androidx.compose.ui.graphics.vector.PathBuilder declared in com.sheshu.fluenticons.regular.CloudArrowRight24Kt.CloudArrowRight24_delegate$lambda$2$lambda$1$lambda$0' type=androidx.compose.ui.graphics.vector.PathBuilder origin=null
        ARG dx1: CONST Float type=kotlin.Float value=1.343
        ARG dy1: CONST Float type=kotlin.Float value=-3.0
        ARG dx2: CONST Float type=kotlin.Float value=3.0
        ARG dy2: CONST Float type=kotlin.Float value=-3.0
      COMPOSITE type=kotlin.Unit origin=null
    COMPOSITE type=kotlin.Unit origin=null
      CALL 'public final fun horizontalLineToRelative (dx: kotlin.Float): androidx.compose.ui.graphics.vector.PathBuilder declared in androidx.compose.ui.graphics.vector.PathBuilder' type=androidx.compose.ui.graphics.vector.PathBuilder origin=null
        ARG <this>: GET_VAR '$this$path: androidx.compose.ui.graphics.vector.PathBuilder declared in com.sheshu.fluenticons.regular.CloudArrowRight24Kt.CloudArrowRight24_delegate$lambda$2$lambda$1$lambda$0' type=androidx.compose.ui.graphics.vector.PathBuilder origin=null
        ARG dx: CONST Float type=kotlin.Float value=0.256
      COMPOSITE type=kotlin.Unit origin=null
    COMPOSITE type=kotlin.Unit origin=null
      CALL 'public final fun curveToRelative (dx1: kotlin.Float, dy1: kotlin.Float, dx2: kotlin.Float, dy2: kotlin.Float, dx3: kotlin.Float, dy3: kotlin.Float): androidx.compose.ui.graphics.vector.PathBuilder declared in androidx.compose.ui.graphics.vector.PathBuilder' type=androidx.compose.ui.graphics.vector.PathBuilder origin=null
        ARG <this>: GET_VAR '$this$path: androidx.compose.ui.graphics.vector.PathBuilder declared in com.sheshu.fluenticons.regular.CloudArrowRight24Kt.CloudArrowRight24_delegate$lambda$2$lambda$1$lambda$0' type=androidx.compose.ui.graphics.vector.PathBuilder origin=null
        ARG dx1: CONST Float type=kotlin.Float value=0.4
        ARG dy1: CONST Float type=kotlin.Float value=0.0
        ARG dx2: CONST Float type=kotlin.Float value=0.73
        ARG dy2: CONST Float type=kotlin.Float value=-0.315
        ARG dx3: CONST Float type=kotlin.Float value=0.749
        ARG dy3: CONST Float type=kotlin.Float value=-0.715
      COMPOSITE type=kotlin.Unit origin=null
    COMPOSITE type=kotlin.Unit origin=null
      CALL 'public final fun close (): androidx.compose.ui.graphics.vector.PathBuilder declared in androidx.compose.ui.graphics.vector.PathBuilder' type=androidx.compose.ui.graphics.vector.PathBuilder origin=null
        ARG <this>: GET_VAR '$this$path: androidx.compose.ui.graphics.vector.PathBuilder declared in com.sheshu.fluenticons.regular.CloudArrowRight24Kt.CloudArrowRight24_delegate$lambda$2$lambda$1$lambda$0' type=androidx.compose.ui.graphics.vector.PathBuilder origin=null
      COMPOSITE type=kotlin.Unit origin=null
    COMPOSITE type=kotlin.Unit origin=null
      CALL 'public final fun moveTo (x: kotlin.Float, y: kotlin.Float): androidx.compose.ui.graphics.vector.PathBuilder declared in androidx.compose.ui.graphics.vector.PathBuilder' type=androidx.compose.ui.graphics.vector.PathBuilder origin=null
        ARG <this>: GET_VAR '$this$path: androidx.compose.ui.graphics.vector.PathBuilder declared in com.sheshu.fluenticons.regular.CloudArrowRight24Kt.CloudArrowRight24_delegate$lambda$2$lambda$1$lambda$0' type=androidx.compose.ui.graphics.vector.PathBuilder origin=null
        ARG x: CONST Float type=kotlin.Float value=16.5
        ARG y: CONST Float type=kotlin.Float value=11.0
      COMPOSITE type=kotlin.Unit origin=null
    COMPOSITE type=kotlin.Unit origin=null
      CALL 'public final fun curveToRelative (dx1: kotlin.Float, dy1: kotlin.Float, dx2: kotlin.Float, dy2: kotlin.Float, dx3: kotlin.Float, dy3: kotlin.Float): androidx.compose.ui.graphics.vector.PathBuilder declared in androidx.compose.ui.graphics.vector.PathBuilder' type=androidx.compose.ui.graphics.vector.PathBuilder origin=null
        ARG <this>: GET_VAR '$this$path: androidx.compose.ui.graphics.vector.PathBuilder declared in com.sheshu.fluenticons.regular.CloudArrowRight24Kt.CloudArrowRight24_delegate$lambda$2$lambda$1$lambda$0' type=androidx.compose.ui.graphics.vector.PathBuilder origin=null
        ARG dx1: CONST Float type=kotlin.Float value=3.038
        ARG dy1: CONST Float type=kotlin.Float value=0.0
        ARG dx2: CONST Float type=kotlin.Float value=5.5
        ARG dy2: CONST Float type=kotlin.Float value=2.462
        ARG dx3: CONST Float type=kotlin.Float value=5.5
        ARG dy3: CONST Float type=kotlin.Float value=5.5
      COMPOSITE type=kotlin.Unit origin=null
    COMPOSITE type=kotlin.Unit origin=null
      CALL 'public final fun reflectiveCurveTo (x1: kotlin.Float, y1: kotlin.Float, x2: kotlin.Float, y2: kotlin.Float): androidx.compose.ui.graphics.vector.PathBuilder declared in androidx.compose.ui.graphics.vector.PathBuilder' type=androidx.compose.ui.graphics.vector.PathBuilder origin=null
        ARG <this>: GET_VAR '$this$path: androidx.compose.ui.graphics.vector.PathBuilder declared in com.sheshu.fluenticons.regular.CloudArrowRight24Kt.CloudArrowRight24_delegate$lambda$2$lambda$1$lambda$0' type=androidx.compose.ui.graphics.vector.PathBuilder origin=null
        ARG x1: CONST Float type=kotlin.Float value=19.538
        ARG y1: CONST Float type=kotlin.Float value=22.0
        ARG x2: CONST Float type=kotlin.Float value=16.5
        ARG y2: CONST Float type=kotlin.Float value=22.0
      COMPOSITE type=kotlin.Unit origin=null
    COMPOSITE type=kotlin.Unit origin=null
      CALL 'public final fun reflectiveCurveTo (x1: kotlin.Float, y1: kotlin.Float, x2: kotlin.Float, y2: kotlin.Float): androidx.compose.ui.graphics.vector.PathBuilder declared in androidx.compose.ui.graphics.vector.PathBuilder' type=androidx.compose.ui.graphics.vector.PathBuilder origin=null
        ARG <this>: GET_VAR '$this$path: androidx.compose.ui.graphics.vector.PathBuilder declared in com.sheshu.fluenticons.regular.CloudArrowRight24Kt.CloudArrowRight24_delegate$lambda$2$lambda$1$lambda$0' type=androidx.compose.ui.graphics.vector.PathBuilder origin=null
        ARG x1: CONST Float type=kotlin.Float value=11.0
        ARG y1: CONST Float type=kotlin.Float value=19.538
        ARG x2: CONST Float type=kotlin.Float value=11.0
        ARG y2: CONST Float type=kotlin.Float value=16.5
      COMPOSITE type=kotlin.Unit origin=null
    COMPOSITE type=kotlin.Unit origin=null
      CALL 'public final fun reflectiveCurveToRelative (dx1: kotlin.Float, dy1: kotlin.Float, dx2: kotlin.Float, dy2: kotlin.Float): androidx.compose.ui.graphics.vector.PathBuilder declared in androidx.compose.ui.graphics.vector.PathBuilder' type=androidx.compose.ui.graphics.vector.PathBuilder origin=null
        ARG <this>: GET_VAR '$this$path: androidx.compose.ui.graphics.vector.PathBuilder declared in com.sheshu.fluenticons.regular.CloudArrowRight24Kt.CloudArrowRight24_delegate$lambda$2$lambda$1$lambda$0' type=androidx.compose.ui.graphics.vector.PathBuilder origin=null
        ARG dx1: CONST Float type=kotlin.Float value=2.462
        ARG dy1: CONST Float type=kotlin.Float value=-5.5
        ARG dx2: CONST Float type=kotlin.Float value=5.5
        ARG dy2: CONST Float type=kotlin.Float value=-5.5
      COMPOSITE type=kotlin.Unit origin=null
    COMPOSITE type=kotlin.Unit origin=null
      CALL 'public final fun close (): androidx.compose.ui.graphics.vector.PathBuilder declared in androidx.compose.ui.graphics.vector.PathBuilder' type=androidx.compose.ui.graphics.vector.PathBuilder origin=null
        ARG <this>: GET_VAR '$this$path: androidx.compose.ui.graphics.vector.PathBuilder declared in com.sheshu.fluenticons.regular.CloudArrowRight24Kt.CloudArrowRight24_delegate$lambda$2$lambda$1$lambda$0' type=androidx.compose.ui.graphics.vector.PathBuilder origin=null
      COMPOSITE type=kotlin.Unit origin=null
    COMPOSITE type=kotlin.Unit origin=null
      CALL 'public final fun moveToRelative (dx: kotlin.Float, dy: kotlin.Float): androidx.compose.ui.graphics.vector.PathBuilder declared in androidx.compose.ui.graphics.vector.PathBuilder' type=androidx.compose.ui.graphics.vector.PathBuilder origin=null
        ARG <this>: GET_VAR '$this$path: androidx.compose.ui.graphics.vector.PathBuilder declared in com.sheshu.fluenticons.regular.CloudArrowRight24Kt.CloudArrowRight24_delegate$lambda$2$lambda$1$lambda$0' type=androidx.compose.ui.graphics.vector.PathBuilder origin=null
        ARG dx: CONST Float type=kotlin.Float value=-3.0
        ARG dy: CONST Float type=kotlin.Float value=5.0
      COMPOSITE type=kotlin.Unit origin=null
    COMPOSITE type=kotlin.Unit origin=null
      CALL 'public final fun curveToRelative (dx1: kotlin.Float, dy1: kotlin.Float, dx2: kotlin.Float, dy2: kotlin.Float, dx3: kotlin.Float, dy3: kotlin.Float): androidx.compose.ui.graphics.vector.PathBuilder declared in androidx.compose.ui.graphics.vector.PathBuilder' type=androidx.compose.ui.graphics.vector.PathBuilder origin=null
        ARG <this>: GET_VAR '$this$path: androidx.compose.ui.graphics.vector.PathBuilder declared in com.sheshu.fluenticons.regular.CloudArrowRight24Kt.CloudArrowRight24_delegate$lambda$2$lambda$1$lambda$0' type=androidx.compose.ui.graphics.vector.PathBuilder origin=null
        ARG dx1: CONST Float type=kotlin.Float value=-0.276
        ARG dy1: CONST Float type=kotlin.Float value=0.0
        ARG dx2: CONST Float type=kotlin.Float value=-0.5
        ARG dy2: CONST Float type=kotlin.Float value=0.224
        ARG dx3: CONST Float type=kotlin.Float value=-0.5
        ARG dy3: CONST Float type=kotlin.Float value=0.5
      COMPOSITE type=kotlin.Unit origin=null
    COMPOSITE type=kotlin.Unit origin=null
      CALL 'public final fun reflectiveCurveToRelative (dx1: kotlin.Float, dy1: kotlin.Float, dx2: kotlin.Float, dy2: kotlin.Float): androidx.compose.ui.graphics.vector.PathBuilder declared in androidx.compose.ui.graphics.vector.PathBuilder' type=androidx.compose.ui.graphics.vector.PathBuilder origin=null
        ARG <this>: GET_VAR '$this$path: androidx.compose.ui.graphics.vector.PathBuilder declared in com.sheshu.fluenticons.regular.CloudArrowRight24Kt.CloudArrowRight24_delegate$lambda$2$lambda$1$lambda$0' type=androidx.compose.ui.graphics.vector.PathBuilder origin=null
        ARG dx1: CONST Float type=kotlin.Float value=0.224
        ARG dy1: CONST Float type=kotlin.Float value=0.5
        ARG dx2: CONST Float type=kotlin.Float value=0.5
        ARG dy2: CONST Float type=kotlin.Float value=0.5
      COMPOSITE type=kotlin.Unit origin=null
    COMPOSITE type=kotlin.Unit origin=null
      CALL 'public final fun horizontalLineToRelative (dx: kotlin.Float): androidx.compose.ui.graphics.vector.PathBuilder declared in androidx.compose.ui.graphics.vector.PathBuilder' type=androidx.compose.ui.graphics.vector.PathBuilder origin=null
        ARG <this>: GET_VAR '$this$path: androidx.compose.ui.graphics.vector.PathBuilder declared in com.sheshu.fluenticons.regular.CloudArrowRight24Kt.CloudArrowRight24_delegate$lambda$2$lambda$1$lambda$0' type=androidx.compose.ui.graphics.vector.PathBuilder origin=null
        ARG dx: CONST Float type=kotlin.Float value=4.793
      COMPOSITE type=kotlin.Unit origin=null
    COMPOSITE type=kotlin.Unit origin=null
      CALL 'public final fun lineToRelative (dx: kotlin.Float, dy: kotlin.Float): androidx.compose.ui.graphics.vector.PathBuilder declared in androidx.compose.ui.graphics.vector.PathBuilder' type=androidx.compose.ui.graphics.vector.PathBuilder origin=null
        ARG <this>: GET_VAR '$this$path: androidx.compose.ui.graphics.vector.PathBuilder declared in com.sheshu.fluenticons.regular.CloudArrowRight24Kt.CloudArrowRight24_delegate$lambda$2$lambda$1$lambda$0' type=androidx.compose.ui.graphics.vector.PathBuilder origin=null
        ARG dx: CONST Float type=kotlin.Float value=-1.647
        ARG dy: CONST Float type=kotlin.Float value=1.646
      COMPOSITE type=kotlin.Unit origin=null
    COMPOSITE type=kotlin.Unit origin=null
      CALL 'public final fun curveToRelative (dx1: kotlin.Float, dy1: kotlin.Float, dx2: kotlin.Float, dy2: kotlin.Float, dx3: kotlin.Float, dy3: kotlin.Float): androidx.compose.ui.graphics.vector.PathBuilder declared in androidx.compose.ui.graphics.vector.PathBuilder' type=androidx.compose.ui.graphics.vector.PathBuilder origin=null
        ARG <this>: GET_VAR '$this$path: androidx.compose.ui.graphics.vector.PathBuilder declared in com.sheshu.fluenticons.regular.CloudArrowRight24Kt.CloudArrowRight24_delegate$lambda$2$lambda$1$lambda$0' type=androidx.compose.ui.graphics.vector.PathBuilder origin=null
        ARG dx1: CONST Float type=kotlin.Float value=-0.195
        ARG dy1: CONST Float type=kotlin.Float value=0.196
        ARG dx2: CONST Float type=kotlin.Float value=-0.195
        ARG dy2: CONST Float type=kotlin.Float value=0.512
        ARG dx3: CONST Float type=kotlin.Float value=0.0
        ARG dy3: CONST Float type=kotlin.Float value=0.708
      COMPOSITE type=kotlin.Unit origin=null
    COMPOSITE type=kotlin.Unit origin=null
      CALL 'public final fun curveToRelative (dx1: kotlin.Float, dy1: kotlin.Float, dx2: kotlin.Float, dy2: kotlin.Float, dx3: kotlin.Float, dy3: kotlin.Float): androidx.compose.ui.graphics.vector.PathBuilder declared in androidx.compose.ui.graphics.vector.PathBuilder' type=androidx.compose.ui.graphics.vector.PathBuilder origin=null
        ARG <this>: GET_VAR '$this$path: androidx.compose.ui.graphics.vector.PathBuilder declared in com.sheshu.fluenticons.regular.CloudArrowRight24Kt.CloudArrowRight24_delegate$lambda$2$lambda$1$lambda$0' type=androidx.compose.ui.graphics.vector.PathBuilder origin=null
        ARG dx1: CONST Float type=kotlin.Float value=0.196
        ARG dy1: CONST Float type=kotlin.Float value=0.195
        ARG dx2: CONST Float type=kotlin.Float value=0.512
        ARG dy2: CONST Float type=kotlin.Float value=0.195
        ARG dx3: CONST Float type=kotlin.Float value=0.708
        ARG dy3: CONST Float type=kotlin.Float value=0.0
      COMPOSITE type=kotlin.Unit origin=null
    COMPOSITE type=kotlin.Unit origin=null
      CALL 'public final fun lineToRelative (dx: kotlin.Float, dy: kotlin.Float): androidx.compose.ui.graphics.vector.PathBuilder declared in androidx.compose.ui.graphics.vector.PathBuilder' type=androidx.compose.ui.graphics.vector.PathBuilder origin=null
        ARG <this>: GET_VAR '$this$path: androidx.compose.ui.graphics.vector.PathBuilder declared in com.sheshu.fluenticons.regular.CloudArrowRight24Kt.CloudArrowRight24_delegate$lambda$2$lambda$1$lambda$0' type=androidx.compose.ui.graphics.vector.PathBuilder origin=null
        ARG dx: CONST Float type=kotlin.Float value=2.5
        ARG dy: CONST Float type=kotlin.Float value=-2.5
      COMPOSITE type=kotlin.Unit origin=null
    COMPOSITE type=kotlin.Unit origin=null
      CALL 'public final fun curveToRelative (dx1: kotlin.Float, dy1: kotlin.Float, dx2: kotlin.Float, dy2: kotlin.Float, dx3: kotlin.Float, dy3: kotlin.Float): androidx.compose.ui.graphics.vector.PathBuilder declared in androidx.compose.ui.graphics.vector.PathBuilder' type=androidx.compose.ui.graphics.vector.PathBuilder origin=null
        ARG <this>: GET_VAR '$this$path: androidx.compose.ui.graphics.vector.PathBuilder declared in com.sheshu.fluenticons.regular.CloudArrowRight24Kt.CloudArrowRight24_delegate$lambda$2$lambda$1$lambda$0' type=androidx.compose.ui.graphics.vector.PathBuilder origin=null
        ARG dx1: CONST Float type=kotlin.Float value=0.195
        ARG dy1: CONST Float type=kotlin.Float value=-0.196
        ARG dx2: CONST Float type=kotlin.Float value=0.195
        ARG dy2: CONST Float type=kotlin.Float value=-0.512
        ARG dx3: CONST Float type=kotlin.Float value=0.0
        ARG dy3: CONST Float type=kotlin.Float value=-0.708
      COMPOSITE type=kotlin.Unit origin=null
    COMPOSITE type=kotlin.Unit origin=null
      CALL 'public final fun lineToRelative (dx: kotlin.Float, dy: kotlin.Float): androidx.compose.ui.graphics.vector.PathBuilder declared in androidx.compose.ui.graphics.vector.PathBuilder' type=androidx.compose.ui.graphics.vector.PathBuilder origin=null
        ARG <this>: GET_VAR '$this$path: androidx.compose.ui.graphics.vector.PathBuilder declared in com.sheshu.fluenticons.regular.CloudArrowRight24Kt.CloudArrowRight24_delegate$lambda$2$lambda$1$lambda$0' type=androidx.compose.ui.graphics.vector.PathBuilder origin=null
        ARG dx: CONST Float type=kotlin.Float value=-2.5
        ARG dy: CONST Float type=kotlin.Float value=-2.5
      COMPOSITE type=kotlin.Unit origin=null
    COMPOSITE type=kotlin.Unit origin=null
      CALL 'public final fun curveToRelative (dx1: kotlin.Float, dy1: kotlin.Float, dx2: kotlin.Float, dy2: kotlin.Float, dx3: kotlin.Float, dy3: kotlin.Float): androidx.compose.ui.graphics.vector.PathBuilder declared in androidx.compose.ui.graphics.vector.PathBuilder' type=androidx.compose.ui.graphics.vector.PathBuilder origin=null
        ARG <this>: GET_VAR '$this$path: androidx.compose.ui.graphics.vector.PathBuilder declared in com.sheshu.fluenticons.regular.CloudArrowRight24Kt.CloudArrowRight24_delegate$lambda$2$lambda$1$lambda$0' type=androidx.compose.ui.graphics.vector.PathBuilder origin=null
        ARG dx1: CONST Float type=kotlin.Float value=-0.196
        ARG dy1: CONST Float type=kotlin.Float value=-0.195
        ARG dx2: CONST Float type=kotlin.Float value=-0.512
        ARG dy2: CONST Float type=kotlin.Float value=-0.195
        ARG dx3: CONST Float type=kotlin.Float value=-0.708
        ARG dy3: CONST Float type=kotlin.Float value=0.0
      COMPOSITE type=kotlin.Unit origin=null
    COMPOSITE type=kotlin.Unit origin=null
      CALL 'public final fun curveToRelative (dx1: kotlin.Float, dy1: kotlin.Float, dx2: kotlin.Float, dy2: kotlin.Float, dx3: kotlin.Float, dy3: kotlin.Float): androidx.compose.ui.graphics.vector.PathBuilder declared in androidx.compose.ui.graphics.vector.PathBuilder' type=androidx.compose.ui.graphics.vector.PathBuilder origin=null
        ARG <this>: GET_VAR '$this$path: androidx.compose.ui.graphics.vector.PathBuilder declared in com.sheshu.fluenticons.regular.CloudArrowRight24Kt.CloudArrowRight24_delegate$lambda$2$lambda$1$lambda$0' type=androidx.compose.ui.graphics.vector.PathBuilder origin=null
        ARG dx1: CONST Float type=kotlin.Float value=-0.195
        ARG dy1: CONST Float type=kotlin.Float value=0.196
        ARG dx2: CONST Float type=kotlin.Float value=-0.195
        ARG dy2: CONST Float type=kotlin.Float value=0.512
        ARG dx3: CONST Float type=kotlin.Float value=0.0
        ARG dy3: CONST Float type=kotlin.Float value=0.708
      COMPOSITE type=kotlin.Unit origin=null
    COMPOSITE type=kotlin.Unit origin=null
      CALL 'public final fun lineTo (x: kotlin.Float, y: kotlin.Float): androidx.compose.ui.graphics.vector.PathBuilder declared in androidx.compose.ui.graphics.vector.PathBuilder' type=androidx.compose.ui.graphics.vector.PathBuilder origin=null
        ARG <this>: GET_VAR '$this$path: androidx.compose.ui.graphics.vector.PathBuilder declared in com.sheshu.fluenticons.regular.CloudArrowRight24Kt.CloudArrowRight24_delegate$lambda$2$lambda$1$lambda$0' type=androidx.compose.ui.graphics.vector.PathBuilder origin=null
        ARG x: CONST Float type=kotlin.Float value=18.293
        ARG y: CONST Float type=kotlin.Float value=16.0
      COMPOSITE type=kotlin.Unit origin=null
    COMPOSITE type=kotlin.Unit origin=null
      CALL 'public final fun horizontalLineTo (x: kotlin.Float): androidx.compose.ui.graphics.vector.PathBuilder declared in androidx.compose.ui.graphics.vector.PathBuilder' type=androidx.compose.ui.graphics.vector.PathBuilder origin=null
        ARG <this>: GET_VAR '$this$path: androidx.compose.ui.graphics.vector.PathBuilder declared in com.sheshu.fluenticons.regular.CloudArrowRight24Kt.CloudArrowRight24_delegate$lambda$2$lambda$1$lambda$0' type=androidx.compose.ui.graphics.vector.PathBuilder origin=null
        ARG x: CONST Float type=kotlin.Float value=13.5
      COMPOSITE type=kotlin.Unit origin=null
    COMPOSITE type=kotlin.Unit origin=null
      CALL 'public final fun close (): androidx.compose.ui.graphics.vector.PathBuilder declared in androidx.compose.ui.graphics.vector.PathBuilder' type=androidx.compose.ui.graphics.vector.PathBuilder origin=null
        ARG <this>: GET_VAR '$this$path: androidx.compose.ui.graphics.vector.PathBuilder declared in com.sheshu.fluenticons.regular.CloudArrowRight24Kt.CloudArrowRight24_delegate$lambda$2$lambda$1$lambda$0' type=androidx.compose.ui.graphics.vector.PathBuilder origin=null
      COMPOSITE type=kotlin.Unit origin=null

	at org.jetbrains.kotlin.backend.jvm.codegen.FunctionCodegen.generate(FunctionCodegen.kt:50)
	at org.jetbrains.kotlin.backend.jvm.codegen.IrSourceCompilerForInline.generateLambdaBody(IrSourceCompilerForInline.kt:72)
	at org.jetbrains.kotlin.codegen.inline.ExpressionLambda.generateLambdaBody(LambdaInfo.kt:72)
	at org.jetbrains.kotlin.backend.jvm.codegen.IrInlineCodegen.genValueAndPut(IrInlineCodegen.kt:122)
	at org.jetbrains.kotlin.backend.jvm.codegen.ExpressionCodegen.visitCall$handleParameter(ExpressionCodegen.kt:564)
	at org.jetbrains.kotlin.backend.jvm.codegen.ExpressionCodegen.visitCall(ExpressionCodegen.kt:577)
	at org.jetbrains.kotlin.backend.jvm.codegen.ExpressionCodegen.visitCall(ExpressionCodegen.kt:135)
	at org.jetbrains.kotlin.ir.expressions.IrCall.accept(IrCall.kt:24)
	at org.jetbrains.kotlin.backend.jvm.codegen.ExpressionCodegen.visitStatementContainer(ExpressionCodegen.kt:527)
	at org.jetbrains.kotlin.backend.jvm.codegen.ExpressionCodegen.visitContainerExpression(ExpressionCodegen.kt:541)
	at org.jetbrains.kotlin.backend.jvm.codegen.ExpressionCodegen.visitContainerExpression(ExpressionCodegen.kt:135)
	at org.jetbrains.kotlin.ir.visitors.IrVisitor.visitComposite(IrVisitor.kt:125)
	at org.jetbrains.kotlin.ir.expressions.IrComposite.accept(IrComposite.kt:18)
	at org.jetbrains.kotlin.backend.jvm.codegen.ExpressionCodegen.visitStatementContainer(ExpressionCodegen.kt:527)
	at org.jetbrains.kotlin.backend.jvm.codegen.ExpressionCodegen.visitBlockBody(ExpressionCodegen.kt:532)
	at org.jetbrains.kotlin.backend.jvm.codegen.ExpressionCodegen.visitBlockBody(ExpressionCodegen.kt:135)
	at org.jetbrains.kotlin.ir.expressions.IrBlockBody.accept(IrBlockBody.kt:20)
	at org.jetbrains.kotlin.backend.jvm.codegen.ExpressionCodegen.generate(ExpressionCodegen.kt:233)
	at org.jetbrains.kotlin.backend.jvm.codegen.FunctionCodegen.doGenerate(FunctionCodegen.kt:126)
	at org.jetbrains.kotlin.backend.jvm.codegen.FunctionCodegen.generate(FunctionCodegen.kt:47)
	... 68 more
Caused by: java.lang.OutOfMemoryError: GC overhead limit exceeded
	at org.jetbrains.org.objectweb.asm.tree.MethodNode.visitVarInsn(MethodNode.java:351)
	at org.jetbrains.org.objectweb.asm.MethodVisitor.visitVarInsn(MethodVisitor.java:371)
	at org.jetbrains.kotlin.codegen.inline.MaxLocalsCalculator.visitVarInsn(MaxLocalsCalculator.java:45)
	at org.jetbrains.kotlin.codegen.inline.MaxStackFrameSizeAndLocalsCalculator.visitVarInsn(MaxStackFrameSizeAndLocalsCalculator.kt:95)
	at org.jetbrains.org.objectweb.asm.commons.InstructionAdapter.load(InstructionAdapter.java:788)
	at org.jetbrains.kotlin.backend.jvm.codegen.ExpressionCodegen.visitGetValue(ExpressionCodegen.kt:747)
	at org.jetbrains.kotlin.backend.jvm.codegen.ExpressionCodegen.visitGetValue(ExpressionCodegen.kt:135)
	at org.jetbrains.kotlin.ir.expressions.IrGetValue.accept(IrGetValue.kt:18)
	at org.jetbrains.kotlin.backend.jvm.codegen.ExpressionCodegen.gen(ExpressionCodegen.kt:214)
	at org.jetbrains.kotlin.backend.jvm.codegen.IrCallGenerator.genValueAndPut(IrCallGenerator.kt:48)
	at org.jetbrains.kotlin.backend.jvm.codegen.ExpressionCodegen.visitCall$handleParameter(ExpressionCodegen.kt:564)
	at org.jetbrains.kotlin.backend.jvm.codegen.ExpressionCodegen.visitCall(ExpressionCodegen.kt:577)
	at org.jetbrains.kotlin.backend.jvm.codegen.ExpressionCodegen.visitCall(ExpressionCodegen.kt:135)
	at org.jetbrains.kotlin.ir.expressions.IrCall.accept(IrCall.kt:24)
	at org.jetbrains.kotlin.backend.jvm.codegen.ExpressionCodegen.visitStatementContainer(ExpressionCodegen.kt:527)
	at org.jetbrains.kotlin.backend.jvm.codegen.ExpressionCodegen.visitContainerExpression(ExpressionCodegen.kt:541)
	at org.jetbrains.kotlin.backend.jvm.codegen.ExpressionCodegen.visitContainerExpression(ExpressionCodegen.kt:135)
	at org.jetbrains.kotlin.ir.visitors.IrVisitor.visitComposite(IrVisitor.kt:125)
	at org.jetbrains.kotlin.ir.expressions.IrComposite.accept(IrComposite.kt:18)
	at org.jetbrains.kotlin.backend.jvm.codegen.ExpressionCodegen.visitStatementContainer(ExpressionCodegen.kt:527)
	at org.jetbrains.kotlin.backend.jvm.codegen.ExpressionCodegen.visitBlockBody(ExpressionCodegen.kt:532)
	at org.jetbrains.kotlin.backend.jvm.codegen.ExpressionCodegen.visitBlockBody(ExpressionCodegen.kt:135)
	at org.jetbrains.kotlin.ir.expressions.IrBlockBody.accept(IrBlockBody.kt:20)
	at org.jetbrains.kotlin.backend.jvm.codegen.ExpressionCodegen.generate(ExpressionCodegen.kt:233)
	at org.jetbrains.kotlin.backend.jvm.codegen.FunctionCodegen.doGenerate(FunctionCodegen.kt:126)
	at org.jetbrains.kotlin.backend.jvm.codegen.FunctionCodegen.generate(FunctionCodegen.kt:47)
	at org.jetbrains.kotlin.backend.jvm.codegen.IrSourceCompilerForInline.generateLambdaBody(IrSourceCompilerForInline.kt:72)
	at org.jetbrains.kotlin.codegen.inline.ExpressionLambda.generateLambdaBody(LambdaInfo.kt:72)
	at org.jetbrains.kotlin.backend.jvm.codegen.IrInlineCodegen.genValueAndPut(IrInlineCodegen.kt:122)
	at org.jetbrains.kotlin.backend.jvm.codegen.ExpressionCodegen.visitCall$handleParameter(ExpressionCodegen.kt:564)
	at org.jetbrains.kotlin.backend.jvm.codegen.ExpressionCodegen.visitCall(ExpressionCodegen.kt:577)
	at org.jetbrains.kotlin.backend.jvm.codegen.ExpressionCodegen.visitCall(ExpressionCodegen.kt:135)


